2017-10-31 23:30:32,878 [135] ERROR ReCServices.Apis.Unicomm - Error al Insertar evento de WS_SagCargo. IMEI no reconocido. 868789021504559
2017-10-31 23:30:34,093 [135] ERROR ReCServices.Apis.Unicomm - Error al Insertar evento de WS_SagCargo. IMEI no reconocido. 868789021799621
2017-10-31 23:30:35,832 [132] ERROR ReCServices.Apis.Unicomm - Error al Insertar evento de WS_SagCargo. IMEI no reconocido. 868789021799621
2017-10-31 23:30:36,072 [138] ERROR ReCServices.Apis.Unicomm - Error al Insertar evento de WS_SagCargo. IMEI no reconocido. 868789021799621
2017-10-31 23:30:36,231 [134] ERROR ReCServices.Apis.Unicomm - Error al Insertar evento de WS_SagCargo. IMEI no reconocido. 868789021799621
2017-10-31 23:30:36,643 [138] ERROR ReCServices.Apis.Unicomm - Error al Insertar evento de WS_SagCargo. IMEI no reconocido. 868789021504559
2017-10-31 23:30:36,994 [132] ERROR ReCServices.Apis.Unicomm - Error al Insertar evento de WS_SagCargo. IMEI no reconocido. 868789021504559
2017-10-31 23:30:37,544 [134] ERROR ReCServices.Apis.Unicomm - Error al Insertar evento de WS_SagCargo. IMEI no reconocido. 868789021504559
2017-10-31 23:30:38,431 [127] ERROR ReCServices.Apis.Unicomm - Error al Insertar evento de WS_SagCargo. IMEI no reconocido. 868789021799621
2017-10-31 23:30:39,779 [127] ERROR ReCServices.Apis.Unicomm - Error al Insertar evento de WS_SagCargo. IMEI no reconocido. 868789021504559
2017-10-31 23:32:29,516 [123] ERROR ReCServices.Apis.Unicomm - Error al Insertar evento de WS_SagCargo. IMEI no reconocido. 868789021799621
2017-10-31 23:32:30,654 [123] ERROR ReCServices.Apis.Unicomm - Error al Insertar evento de WS_SagCargo. IMEI no reconocido. 868789021504559
2017-10-31 23:32:32,836 [127] ERROR ReCServices.Apis.Unicomm - Error al Insertar evento de WS_SagCargo. IMEI no reconocido. 868789021799621
2017-10-31 23:32:34,141 [127] ERROR ReCServices.Apis.Unicomm - Error al Insertar evento de WS_SagCargo. IMEI no reconocido. 868789021504559
2017-11-01 21:27:16,338 [7] ERROR ReCServices.Apis.GpsTotal - Error GrupoUDA_ObtenerPosicion: WS_ETI. 205247582. Se canceló una tarea.
2017-11-01 21:45:45,697 [DefaultQuartzScheduler_Worker-1] ERROR ReCServices.Apis.MonitoreoYRastereo - Error GrupoUDA_ObtenerPosicion: WS_REC_USR. . Referencia a objeto no establecida como instancia de un objeto.
2017-11-01 21:45:45,805 [DefaultQuartzScheduler_Worker-1] ERROR ReCServices.Apis.MonitoreoYRastereo - Error GrupoUDA_ObtenerPosicion: WS_REC_USR. . Referencia a objeto no establecida como instancia de un objeto.
2017-11-01 21:45:45,846 [DefaultQuartzScheduler_Worker-1] ERROR ReCServices.Apis.MonitoreoYRastereo - Error GrupoUDA_ObtenerPosicion: WS_REC_USR. . Referencia a objeto no establecida como instancia de un objeto.
2017-11-01 21:45:45,881 [DefaultQuartzScheduler_Worker-1] ERROR ReCServices.Apis.MonitoreoYRastereo - Error GrupoUDA_ObtenerPosicion: WS_REC_USR. . Referencia a objeto no establecida como instancia de un objeto.
2017-11-01 21:45:45,896 [DefaultQuartzScheduler_Worker-1] ERROR ReCServices.Apis.MonitoreoYRastereo - Error GrupoUDA_ObtenerPosicion: WS_REC_USR. . Referencia a objeto no establecida como instancia de un objeto.
2017-11-01 21:45:45,910 [DefaultQuartzScheduler_Worker-1] ERROR ReCServices.Apis.MonitoreoYRastereo - Error GrupoUDA_ObtenerPosicion: WS_REC_USR. . Referencia a objeto no establecida como instancia de un objeto.
2017-11-01 21:45:45,926 [DefaultQuartzScheduler_Worker-1] ERROR ReCServices.Apis.MonitoreoYRastereo - Error GrupoUDA_ObtenerPosicion: WS_REC_USR. . Referencia a objeto no establecida como instancia de un objeto.
2017-11-01 21:45:45,947 [DefaultQuartzScheduler_Worker-1] ERROR ReCServices.Apis.MonitoreoYRastereo - Error GrupoUDA_ObtenerPosicion: WS_REC_USR. . Referencia a objeto no establecida como instancia de un objeto.
2017-11-01 21:45:45,962 [DefaultQuartzScheduler_Worker-7] ERROR ReCServices.Apis.MonitoreoYRastereo - Error GrupoUDA_ObtenerPosicion: WS_REC_USR. . Referencia a objeto no establecida como instancia de un objeto.
2017-11-01 21:45:45,978 [DefaultQuartzScheduler_Worker-7] ERROR ReCServices.Apis.MonitoreoYRastereo - Error GrupoUDA_ObtenerPosicion: WS_REC_USR. . Referencia a objeto no establecida como instancia de un objeto.
2017-11-01 21:45:46,002 [DefaultQuartzScheduler_Worker-7] ERROR ReCServices.Apis.MonitoreoYRastereo - Error GrupoUDA_ObtenerPosicion: WS_REC_USR. . Referencia a objeto no establecida como instancia de un objeto.
2017-11-01 21:45:46,022 [DefaultQuartzScheduler_Worker-7] ERROR ReCServices.Apis.MonitoreoYRastereo - Error GrupoUDA_ObtenerPosicion: WS_REC_USR. . Referencia a objeto no establecida como instancia de un objeto.
2017-11-01 21:45:46,051 [DefaultQuartzScheduler_Worker-7] ERROR ReCServices.Apis.MonitoreoYRastereo - Error GrupoUDA_ObtenerPosicion: WS_REC_USR. . Referencia a objeto no establecida como instancia de un objeto.
2017-11-01 21:45:46,075 [DefaultQuartzScheduler_Worker-7] ERROR ReCServices.Apis.MonitoreoYRastereo - Error GrupoUDA_ObtenerPosicion: WS_REC_USR. . Referencia a objeto no establecida como instancia de un objeto.
2017-11-01 21:45:46,089 [DefaultQuartzScheduler_Worker-7] ERROR ReCServices.Apis.MonitoreoYRastereo - Error GrupoUDA_ObtenerPosicion: WS_REC_USR. . Referencia a objeto no establecida como instancia de un objeto.
2017-11-01 21:45:46,103 [DefaultQuartzScheduler_Worker-7] ERROR ReCServices.Apis.MonitoreoYRastereo - Error GrupoUDA_ObtenerPosicion: WS_REC_USR. . Referencia a objeto no establecida como instancia de un objeto.
2017-11-01 21:47:06,675 [DefaultQuartzScheduler_Worker-4] ERROR ReCServices.Apis.MonitoreoYRastereo - Error GrupoUDA_ObtenerPosicion: WS_REC_USR. . Referencia a objeto no establecida como instancia de un objeto.
2017-11-01 21:48:36,256 [DefaultQuartzScheduler_Worker-4] ERROR ReCServices.Apis.MonitoreoYRastereo - Error GrupoUDA_ObtenerPosicion: WS_REC_USR. . Referencia a objeto no establecida como instancia de un objeto.
2017-11-01 21:48:38,751 [DefaultQuartzScheduler_Worker-8] ERROR ReCServices.Apis.MonitoreoYRastereo - Error GrupoUDA_ObtenerPosicion: WS_REC_USR. . Referencia a objeto no establecida como instancia de un objeto.
2017-11-01 21:48:40,262 [DefaultQuartzScheduler_Worker-6] ERROR ReCServices.Apis.MonitoreoYRastereo - Error GrupoUDA_ObtenerPosicion: WS_REC_USR. . Referencia a objeto no establecida como instancia de un objeto.
2017-11-01 21:48:42,019 [DefaultQuartzScheduler_Worker-4] ERROR ReCServices.Apis.MonitoreoYRastereo - Error GrupoUDA_ObtenerPosicion: WS_REC_USR. . Referencia a objeto no establecida como instancia de un objeto.
2017-11-01 21:48:44,796 [DefaultQuartzScheduler_Worker-8] ERROR ReCServices.Apis.MonitoreoYRastereo - Error GrupoUDA_ObtenerPosicion: WS_REC_USR. . Referencia a objeto no establecida como instancia de un objeto.
2017-11-01 21:48:46,342 [DefaultQuartzScheduler_Worker-6] ERROR ReCServices.Apis.MonitoreoYRastereo - Error GrupoUDA_ObtenerPosicion: WS_REC_USR. . Referencia a objeto no establecida como instancia de un objeto.
2017-11-01 21:48:47,115 [DefaultQuartzScheduler_Worker-8] ERROR ReCServices.Apis.MonitoreoYRastereo - Error GrupoUDA_ObtenerPosicion: WS_REC_USR. . Referencia a objeto no establecida como instancia de un objeto.
2017-11-01 21:48:48,632 [DefaultQuartzScheduler_Worker-4] ERROR ReCServices.Apis.MonitoreoYRastereo - Error GrupoUDA_ObtenerPosicion: WS_REC_USR. . Referencia a objeto no establecida como instancia de un objeto.
2017-11-01 21:48:55,884 [DefaultQuartzScheduler_Worker-6] ERROR ReCServices.Apis.MonitoreoYRastereo - Error GrupoUDA_ObtenerPosicion: WS_REC_USR. . Referencia a objeto no establecida como instancia de un objeto.
2017-11-01 21:48:56,734 [DefaultQuartzScheduler_Worker-4] ERROR ReCServices.Apis.MonitoreoYRastereo - Error GrupoUDA_ObtenerPosicion: WS_REC_USR. . Referencia a objeto no establecida como instancia de un objeto.
2017-11-01 21:48:57,773 [DefaultQuartzScheduler_Worker-8] ERROR ReCServices.Apis.MonitoreoYRastereo - Error GrupoUDA_ObtenerPosicion: WS_REC_USR. . Referencia a objeto no establecida como instancia de un objeto.
2017-11-01 21:50:22,680 [DefaultQuartzScheduler_Worker-6] ERROR ReCServices.Apis.MonitoreoYRastereo - Error GrupoUDA_ObtenerPosicion: WS_REC_USR. . Referencia a objeto no establecida como instancia de un objeto.
2017-11-01 21:50:29,083 [DefaultQuartzScheduler_Worker-8] ERROR ReCServices.Apis.MonitoreoYRastereo - Error GrupoUDA_ObtenerPosicion: WS_REC_USR. . No se puede encontrar una parte de la ruta de acceso 'C:\Program Files (x86)\SOAPEVEN\SOAPENV_DIEZ.txt'.
2017-11-01 21:50:34,186 [DefaultQuartzScheduler_Worker-4] ERROR ReCServices.Apis.MonitoreoYRastereo - Error GrupoUDA_ObtenerPosicion: WS_REC_USR. . No se puede encontrar una parte de la ruta de acceso 'C:\Program Files (x86)\SOAPEVEN\SOAPENV_DIEZ.txt'.
2017-11-01 21:50:34,186 [DefaultQuartzScheduler_Worker-3] ERROR ReCServices.Apis.MonitoreoYRastereo - Error GrupoUDA_ObtenerPosicion: WS_REC_USR. . No se puede encontrar una parte de la ruta de acceso 'C:\Program Files (x86)\SOAPEVEN\SOAPENV_DIEZ.txt'.
2017-11-01 21:50:36,017 [DefaultQuartzScheduler_Worker-6] ERROR ReCServices.Apis.MonitoreoYRastereo - Error GrupoUDA_ObtenerPosicion: WS_REC_USR. . No se puede encontrar una parte de la ruta de acceso 'C:\Program Files (x86)\SOAPEVEN\SOAPENV_DIEZ.txt'.
2017-11-01 21:53:02,186 [DefaultQuartzScheduler_Worker-8] ERROR ReCServices.Apis.MonitoreoYRastereo - Error GrupoUDA_ObtenerPosicion: WS_REC_USR. . No se puede encontrar una parte de la ruta de acceso 'C:\Program Files (x86)\SOAPEVEN\SOAPENV_DIEZ.txt'.
2017-11-01 21:53:02,985 [DefaultQuartzScheduler_Worker-1] ERROR ReCServices.Apis.MonitoreoYRastereo - Error GrupoUDA_ObtenerPosicion: WS_REC_USR. . No se puede encontrar una parte de la ruta de acceso 'C:\Program Files (x86)\SOAPEVEN\SOAPENV_DIEZ.txt'.
2017-11-01 21:53:08,998 [DefaultQuartzScheduler_Worker-6] ERROR ReCServices.Apis.MonitoreoYRastereo - Error GrupoUDA_ObtenerPosicion: WS_REC_USR. . No se puede encontrar una parte de la ruta de acceso 'C:\Program Files (x86)\SOAPEVEN\SOAPENV_DIEZ.txt'.
2017-11-01 21:53:09,788 [DefaultQuartzScheduler_Worker-4] ERROR ReCServices.Apis.MonitoreoYRastereo - Error GrupoUDA_ObtenerPosicion: WS_REC_USR. . No se puede encontrar una parte de la ruta de acceso 'C:\Program Files (x86)\SOAPEVEN\SOAPENV_DIEZ.txt'.
2017-11-01 21:53:17,739 [DefaultQuartzScheduler_Worker-8] ERROR ReCServices.Apis.MonitoreoYRastereo - Error GrupoUDA_ObtenerPosicion: WS_REC_USR. . No se puede encontrar una parte de la ruta de acceso 'C:\Program Files (x86)\SOAPEVEN\SOAPENV_DIEZ.txt'.
2017-11-01 21:53:17,753 [DefaultQuartzScheduler_Worker-3] ERROR ReCServices.Apis.MonitoreoYRastereo - Error GrupoUDA_ObtenerPosicion: WS_REC_USR. . No se puede encontrar una parte de la ruta de acceso 'C:\Program Files (x86)\SOAPEVEN\SOAPENV_DIEZ.txt'.
2017-11-01 22:02:04,846 [DefaultQuartzScheduler_Worker-1] ERROR ReCServices.Apis.MonitoreoYRastereo - Error GrupoUDA_ObtenerPosicion: WS_REC_USR. . No se puede encontrar una parte de la ruta de acceso 'C:\Program Files (x86)\IIS Express\~\SOAPEVEN\SOAPENV_DIEZ.txt'.
2017-11-01 22:02:17,330 [DefaultQuartzScheduler_Worker-1] ERROR ReCServices.Apis.MonitoreoYRastereo - Error GrupoUDA_ObtenerPosicion: WS_REC_USR. . No se puede encontrar una parte de la ruta de acceso 'C:\SOAPEVEN\SOAPENV_DIEZ.txt'.
2017-11-01 22:04:28,429 [DefaultQuartzScheduler_Worker-1] ERROR ReCServices.Apis.MonitoreoYRastereo - Error GrupoUDA_ObtenerPosicion: WS_REC_USR. . Referencia a objeto no establecida como instancia de un objeto.
2017-11-01 22:08:44,431 [DefaultQuartzScheduler_Worker-1] ERROR ReCServices.Apis.MonitoreoYRastereo - Error GrupoUDA_ObtenerPosicion: WS_REC_USR. . No se puede encontrar una parte de la ruta de acceso 'C:\Program Files (x86)\IIS Express\SOAPEVEN\SOAPENV_DIEZ.txt'.
2017-11-01 22:09:07,720 [DefaultQuartzScheduler_Worker-1] ERROR ReCServices.Apis.MonitoreoYRastereo - Error GrupoUDA_ObtenerPosicion: WS_REC_USR. . No se puede encontrar una parte de la ruta de acceso 'C:\Program Files (x86)\IIS Express\SOAPENV\SOAPENV_DIEZ.txt'.
2017-11-01 22:29:15,758 [DefaultQuartzScheduler_Worker-1] ERROR ReCServices.Apis.MonitoreoYRastereo - Error GrupoUDA_ObtenerPosicion: WS_REC_USR. . Un nombre no puede empezar con el carácter ' ', valor hexadecimal 0x20. línea 1, posición 346.
2017-11-01 22:30:02,311 [DefaultQuartzScheduler_Worker-1] ERROR ReCServices.Apis.MonitoreoYRastereo - Error GrupoUDA_ObtenerPosicion: WS_REC_USR. . Un nombre no puede empezar con el carácter ' ', valor hexadecimal 0x20. línea 1, posición 346.
2017-11-01 22:30:37,102 [DefaultQuartzScheduler_Worker-9] ERROR ReCServices.Apis.MonitoreoYRastereo - Error GrupoUDA_ObtenerPosicion: WS_REC_USR. . Un nombre no puede empezar con el carácter ' ', valor hexadecimal 0x20. línea 1, posición 346.
2017-11-01 22:34:58,769 [DefaultQuartzScheduler_Worker-1] ERROR ReCServices.Apis.MonitoreoYRastereo - Error GrupoUDA_ObtenerPosicion: WS_REC_USR. . Un nombre no puede empezar con el carácter ' ', valor hexadecimal 0x20. línea 1, posición 346.
2017-11-01 22:35:01,724 [DefaultQuartzScheduler_Worker-8] ERROR ReCServices.Apis.MonitoreoYRastereo - Error GrupoUDA_ObtenerPosicion: WS_REC_USR. . 'xmlns' es un token inesperado. Se esperaba un espacio en blanco. línea 1, posición 41.
2017-11-01 22:35:02,393 [DefaultQuartzScheduler_Worker-9] ERROR ReCServices.Apis.MonitoreoYRastereo - Error GrupoUDA_ObtenerPosicion: WS_REC_USR. . Un nombre no puede empezar con el carácter ' ', valor hexadecimal 0x20. línea 1, posición 346.
2017-11-01 22:35:04,490 [DefaultQuartzScheduler_Worker-1] ERROR ReCServices.Apis.MonitoreoYRastereo - Error GrupoUDA_ObtenerPosicion: WS_REC_USR. . Un nombre no puede empezar con el carácter ' ', valor hexadecimal 0x20. línea 1, posición 346.
2017-11-01 22:35:05,978 [DefaultQuartzScheduler_Worker-8] ERROR ReCServices.Apis.MonitoreoYRastereo - Error GrupoUDA_ObtenerPosicion: WS_REC_USR. . 'xmlns' es un token inesperado. Se esperaba un espacio en blanco. línea 1, posición 41.
2017-11-01 22:35:06,611 [DefaultQuartzScheduler_Worker-9] ERROR ReCServices.Apis.MonitoreoYRastereo - Error GrupoUDA_ObtenerPosicion: WS_REC_USR. . Un nombre no puede empezar con el carácter ' ', valor hexadecimal 0x20. línea 1, posición 346.
2017-11-01 22:36:28,690 [DefaultQuartzScheduler_Worker-1] ERROR ReCServices.Apis.MonitoreoYRastereo - Error GrupoUDA_ObtenerPosicion: WS_REC_USR. . Un nombre no puede empezar con el carácter ' ', valor hexadecimal 0x20. línea 1, posición 346.
2017-11-01 22:41:21,424 [DefaultQuartzScheduler_Worker-1] ERROR ReCServices.Apis.MonitoreoYRastereo - Error GrupoUDA_ObtenerPosicion: WS_REC_USR. . No se pudo encontrar el archivo 'C:\SOAPENV_DIEZ.txt'.
2017-11-01 22:41:34,211 [DefaultQuartzScheduler_Worker-1] ERROR ReCServices.Apis.MonitoreoYRastereo - Error GrupoUDA_ObtenerPosicion: WS_REC_USR. . No se puede encontrar una parte de la ruta de acceso 'C:\Program Files (x86)\IIS Express\~\SOAPENV_DIEZ.txt'.
2017-11-01 22:41:53,718 [DefaultQuartzScheduler_Worker-1] ERROR ReCServices.Apis.MonitoreoYRastereo - Error GrupoUDA_ObtenerPosicion: WS_REC_USR. . No se pudo encontrar el archivo 'C:\Program Files (x86)\IIS Express\~SOAPENV_DIEZ.txt'.
2017-11-01 22:42:11,253 [DefaultQuartzScheduler_Worker-1] ERROR ReCServices.Apis.MonitoreoYRastereo - Error GrupoUDA_ObtenerPosicion: WS_REC_USR. . No se pudo encontrar el archivo 'C:\SOAPENV_DIEZ.txt'.
2017-11-01 22:42:43,677 [DefaultQuartzScheduler_Worker-1] ERROR ReCServices.Apis.MonitoreoYRastereo - Error GrupoUDA_ObtenerPosicion: WS_REC_USR. . No se pudo encontrar el archivo 'C:\Program Files (x86)\IIS Express\SOAPENV_DIEZ.txt'.
2017-11-01 22:46:42,206 [DefaultQuartzScheduler_Worker-6] ERROR ReCServices.Apis.MonitoreoYRastereo - Error GrupoUDA_ObtenerPosicion: WS_REC_USR. . No se puede encontrar una parte de la ruta de acceso 'C:\Program Files (x86)\IIS Express\Apis\SOAPENV_DIEZ.txt'.
2017-11-01 22:46:51,773 [DefaultQuartzScheduler_Worker-1] ERROR ReCServices.Apis.MonitoreoYRastereo - Error GrupoUDA_ObtenerPosicion: WS_REC_USR. . No se puede encontrar una parte de la ruta de acceso 'C:\Program Files (x86)\IIS Express\Apis\SOAPENV_DIEZ.txt'.
2017-11-01 22:56:13,560 [DefaultQuartzScheduler_Worker-1] ERROR ReCServices.Apis.MonitoreoYRastereo - Error GrupoUDA_ObtenerPosicion: WS_REC_USR. . Referencia a objeto no establecida como instancia de un objeto.
2017-11-02 13:26:51,456 [25] INFO ReCServices.Apis.ZeekGPS - WebService ZeekGPS Autenticado: WS_Panamericano. 
2017-11-02 13:26:51,465 [9] INFO ReCServices.Apis.ZeekGPS - WebService ZeekGPS Autenticado: WS_Panamericano. 
2017-11-02 13:30:38,226 [DefaultQuartzScheduler_Worker-5] ERROR ReCServices.Apis.ZeekGPS - Error ZeekGPS_ObtenerPosicion: WS_Panamericano. . Error del proveedor subyacente en Open.
2017-11-02 13:35:11,265 [DefaultQuartzScheduler_Worker-1] ERROR ReCServices.Apis.ZeekGPS - Error ZeekGPS_ObtenerPosicion: WS_Panamericano. . El canal de solicitud agotó el tiempo de espera mientras esperaba una respuesta después de 00:00:04.8023879. Aumente el valor de tiempo de espera pasado a la llamada a Request, o bien aumente el valor de SendTimeout en el enlace. El tiempo asignado a esta operación puede haber sido una parte de un tiempo de espera mayor.
2017-11-02 13:35:48,926 [DefaultQuartzScheduler_Worker-8] ERROR ReCServices.Apis.ZeekGPS - Error ZeekGPS_ObtenerPosicion: WS_Panamericano. . Error del proveedor subyacente en Open.
2017-11-02 13:35:51,080 [DefaultQuartzScheduler_Worker-3] ERROR ReCServices.Apis.ZeekGPS - Error ZeekGPS_ObtenerPosicion: WS_Panamericano. . Error del proveedor subyacente en Open.
2017-11-02 14:06:08,699 [23] INFO ReCServices.Apis.ZeekGPS - WebService ZeekGPS Autenticado: WS_Panamericano. 
2017-11-02 14:09:39,204 [DefaultQuartzScheduler_Worker-10] ERROR ReCServices.Apis.MonitoreoYRastereo - Error GrupoUDA_ObtenerPosicion: WS_REC_USR. . Error de análisis, no hay ningún ensamblado asociado con la clave Xml ns1 UltimaPosicionResponse
2017-11-02 15:59:42,146 [DefaultQuartzScheduler_Worker-1] ERROR ReCServices.Apis.MonitoreoYRastereo - Error GrupoUDA_ObtenerPosicion: WS_REC_USR. . Error en el documento XML (0, 0).
2017-11-02 16:01:13,134 [DefaultQuartzScheduler_Worker-8] ERROR ReCServices.Apis.MonitoreoYRastereo - Error GrupoUDA_ObtenerPosicion: WS_REC_USR. . Error en el documento XML (0, 0).
2017-11-02 16:01:18,219 [DefaultQuartzScheduler_Worker-1] ERROR ReCServices.Apis.MonitoreoYRastereo - Error GrupoUDA_ObtenerPosicion: WS_REC_USR. . Error en el documento XML (0, 0).
2017-11-02 16:13:57,857 [DefaultQuartzScheduler_Worker-1] ERROR ReCServices.Apis.MonitoreoYRastereo - Error GrupoUDA_ObtenerPosicion: WS_REC_USR. . Error en el documento XML (0, 0).
2017-11-02 16:36:22,327 [DefaultQuartzScheduler_Worker-1] ERROR ReCServices.Apis.MonitoreoYRastereo - Error GrupoUDA_ObtenerPosicion: WS_REC_USR. . Error en el documento XML (0, 0).
2017-11-02 16:37:36,421 [DefaultQuartzScheduler_Worker-1] ERROR ReCServices.Apis.MonitoreoYRastereo - Error GrupoUDA_ObtenerPosicion: WS_REC_USR. . Caracteres no válidos en la ruta de acceso.
2017-11-02 16:51:11,703 [DefaultQuartzScheduler_Worker-9] ERROR ReCServices.Apis.MonitoreoYRastereo - Error GrupoUDA_ObtenerPosicion: WS_REC_USR. . Caracteres no válidos en la ruta de acceso.
2017-11-02 17:04:24,493 [DefaultQuartzScheduler_Worker-1] ERROR ReCServices.Apis.MonitoreoYRastereo - Error GrupoUDA_ObtenerPosicion: WS_REC_USR. . Referencia a objeto no establecida como instancia de un objeto.
2017-11-02 17:04:46,495 [DefaultQuartzScheduler_Worker-9] ERROR ReCServices.Apis.MonitoreoYRastereo - Error GrupoUDA_ObtenerPosicion: WS_REC_USR. . Caracteres no válidos en la ruta de acceso.
2017-11-02 17:19:11,932 [DefaultQuartzScheduler_Worker-1] ERROR ReCServices.Apis.MonitoreoYRastereo - Error GrupoUDA_ObtenerPosicion: WS_REC_USR. . Referencia a objeto no establecida como instancia de un objeto.
2017-11-02 17:19:18,653 [DefaultQuartzScheduler_Worker-9] ERROR ReCServices.Apis.MonitoreoYRastereo - Error GrupoUDA_ObtenerPosicion: WS_REC_USR. . No se puede leer la secuencia.
2017-11-02 17:52:01,731 [DefaultQuartzScheduler_Worker-1] ERROR ReCServices.Apis.MonitoreoYRastereo - Error GrupoUDA_ObtenerPosicion: WS_REC_USR. . Error en el documento XML (1, 408).
2017-11-02 17:53:08,929 [DefaultQuartzScheduler_Worker-1] ERROR ReCServices.Apis.MonitoreoYRastereo - Error GrupoUDA_ObtenerPosicion: WS_REC_USR. . Referencia a objeto no establecida como instancia de un objeto.
2017-11-02 18:54:35,307 [DefaultQuartzScheduler_Worker-1] ERROR ReCServices.Apis.ZeekGPS - Error ZeekGPS_ObtenerPosicion: WS_Panamericano. . El índice y la longitud deben hacer referencia a una ubicación en la cadena.
Nombre del parámetro: length
